<?xml version="1.0" encoding="UTF-8"?>
<!-- Generated by org.testng.reporters.JUnitXMLReporter -->
<testsuite hostname="DESKTOP-7HNKN0S" name="Default test" tests="4" failures="0" timestamp="8 Apr 2021 04:56:42 GMT" time="0.088" errors="0">
  <testcase name="Login" time="0.03" classname="testngPack.testngExample2"/>
  <testcase name="AccountEnquiry" time="0.001" classname="testngPack.testngExample2"/>
  <testcase name="FundTransfer" time="0.001" classname="testngPack.testngExample2"/>
  <testcase name="LogOff" time="0.001" classname="testngPack.testngExample2"/>
</testsuite> <!-- Default test -->
