<?xml version="1.0" encoding="UTF-8"?>
<!-- Generated by org.testng.reporters.JUnitXMLReporter -->
<testsuite hostname="DESKTOP-7HNKN0S" name="Default test" tests="3" failures="0" timestamp="8 Apr 2021 08:38:34 GMT" time="15.632" errors="0">
  <testcase name="EnterCalorieDetails" time="1.909" classname="com.itc.calc.testcases.CalorieCalculatorDDT_HTTestCase"/>
  <testcase name="EnterCalorieDetails" time="1.298" classname="com.itc.calc.testcases.CalorieCalculatorDDT_HTTestCase"/>
  <testcase name="EnterCalorieDetails" time="1.246" classname="com.itc.calc.testcases.CalorieCalculatorDDT_HTTestCase"/>
</testsuite> <!-- Default test -->
