<?xml version="1.0" encoding="UTF-8"?>
<!-- Generated by org.testng.reporters.JUnitXMLReporter -->
<testsuite hostname="DESKTOP-7HNKN0S" name="Regression Suite" tests="6" failures="0" timestamp="8 Apr 2021 05:36:15 GMT" time="23.753" errors="0">
  <testcase name="testngmethod" time="0.017" classname="testngPack.testngExample"/>
  <testcase name="Login" time="0.002" classname="testngPack.testngExample2"/>
  <testcase name="EnterCalorieDetails" time="23.703" classname="testngPack.CalorieCalculatorTestCase"/>
  <testcase name="AccountEnquiry" time="0.001" classname="testngPack.testngExample2"/>
  <testcase name="FundTransfer" time="0.001" classname="testngPack.testngExample2"/>
  <testcase name="LogOff" time="0.001" classname="testngPack.testngExample2"/>
</testsuite> <!-- Regression Suite -->
