<?xml version="1.0" encoding="UTF-8"?>
<testng-results skipped="0" failed="0" total="1" passed="1">
  <reporter-output>
  </reporter-output>
  <suite name="Default suite" duration-ms="9858" started-at="2021-04-08T11:29:55Z" finished-at="2021-04-08T11:30:05Z">
    <groups>
    </groups>
    <test name="Default test" duration-ms="9858" started-at="2021-04-08T11:29:55Z" finished-at="2021-04-08T11:30:05Z">
      <class name="com.itc.calc.testcases.CalorieCalculatorPageTestCase">
        <test-method status="PASS" signature="EnterCalorieDetails()[pri:0, instance:com.itc.calc.testcases.CalorieCalculatorPageTestCase@445b84c0]" name="EnterCalorieDetails" duration-ms="9840" started-at="2021-04-08T16:59:55Z" finished-at="2021-04-08T17:00:05Z">
          <reporter-output>
          </reporter-output>
        </test-method> <!-- EnterCalorieDetails -->
      </class> <!-- com.itc.calc.testcases.CalorieCalculatorPageTestCase -->
    </test> <!-- Default test -->
  </suite> <!-- Default suite -->
</testng-results>
