<?xml version="1.0" encoding="UTF-8"?>
<testng-results skipped="0" failed="0" total="1" passed="1">
  <reporter-output>
  </reporter-output>
  <suite name="Default suite" duration-ms="10193" started-at="2021-04-09T04:40:18Z" finished-at="2021-04-09T04:40:28Z">
    <groups>
    </groups>
    <test name="Default test" duration-ms="10193" started-at="2021-04-09T04:40:18Z" finished-at="2021-04-09T04:40:28Z">
      <class name="testngPack.CaptureScreenshot">
        <test-method status="PASS" signature="getScreenshot()[pri:0, instance:testngPack.CaptureScreenshot@3aa9e816]" name="getScreenshot" duration-ms="10155" started-at="2021-04-09T10:10:18Z" finished-at="2021-04-09T10:10:28Z">
          <reporter-output>
          </reporter-output>
        </test-method> <!-- getScreenshot -->
      </class> <!-- testngPack.CaptureScreenshot -->
    </test> <!-- Default test -->
  </suite> <!-- Default suite -->
</testng-results>
